<?xml version="1.0" encoding="UTF-8"?>
<!-- Generated by org.testng.reporters.JUnitXMLReporter -->
<testsuite ignored="1" hostname="ETC1708078" failures="0" tests="3" name="Default test" time="0.118" errors="0" timestamp="2023-02-23T09:34:12 IST">
  <testcase classname="Day05.program03" name="testCase03" time="0.014"/>
  <testcase classname="Day05.program03" name="testCase01" time="0.002"/>
  <testcase classname="Day05.program03" name="testCase04" time="0.004"/>
  <testcase classname="Day05.program03" name="testCase02" time="0.0">
    <ignored/>
  </testcase> <!-- testCase02 -->
</testsuite> <!-- Default test -->
