<?xml version="1.0" encoding="UTF-8"?>
<!-- Generated by org.testng.reporters.JUnitXMLReporter -->
<testsuite ignored="3" hostname="ETC1708078" failures="0" tests="5" name="Test" time="0.085" errors="0" timestamp="2023-02-23T09:53:58 IST">
  <testcase classname="Day05.program04" name="testCase02" time="0.015"/>
  <testcase classname="Day05.program04" name="testCase04" time="0.003"/>
  <testcase classname="Day05.program01" name="testCase01" time="0.002"/>
  <testcase classname="Day05.program01" name="testCase02" time="0.004"/>
  <testcase classname="Day05.program01" name="testCase04" time="0.001"/>
  <testcase classname="Day05.program04" name="testCase03" time="0.0">
    <ignored/>
  </testcase> <!-- testCase03 -->
  <testcase classname="Day05.program01" name="testCase03" time="0.0">
    <ignored/>
  </testcase> <!-- testCase03 -->
  <testcase classname="Day05.program04" name="testCase01" time="0.0">
    <ignored/>
  </testcase> <!-- testCase01 -->
</testsuite> <!-- Test -->
