<?xml version="1.0" encoding="UTF-8"?>
<testng-results ignored="3" total="8" passed="5" failed="0" skipped="0">
  <reporter-output>
  </reporter-output>
  <suite started-at="2023-02-23T09:53:58 IST" name="Suite" finished-at="2023-02-23T09:53:58 IST" duration-ms="85">
    <groups>
    </groups>
    <test started-at="2023-02-23T09:53:58 IST" name="Test" finished-at="2023-02-23T09:53:58 IST" duration-ms="85">
      <class name="Day05.program04">
        <test-method signature="testCase02()[pri:0, instance:Day05.program04@2145b572]" started-at="2023-02-23T09:53:58 IST" name="testCase02" finished-at="2023-02-23T09:53:58 IST" duration-ms="15" status="PASS">
          <reporter-output>
          </reporter-output>
        </test-method> <!-- testCase02 -->
        <test-method signature="testCase04()[pri:0, instance:Day05.program04@2145b572]" started-at="2023-02-23T09:53:58 IST" name="testCase04" finished-at="2023-02-23T09:53:58 IST" duration-ms="3" status="PASS">
          <reporter-output>
          </reporter-output>
        </test-method> <!-- testCase04 -->
      </class> <!-- Day05.program04 -->
      <class name="Day05.program01">
        <test-method signature="testCase01()[pri:0, instance:Day05.program01@291ae]" started-at="2023-02-23T09:53:58 IST" name="testCase01" finished-at="2023-02-23T09:53:58 IST" duration-ms="2" status="PASS">
          <reporter-output>
          </reporter-output>
        </test-method> <!-- testCase01 -->
        <test-method signature="testCase02()[pri:0, instance:Day05.program01@291ae]" started-at="2023-02-23T09:53:58 IST" name="testCase02" finished-at="2023-02-23T09:53:58 IST" duration-ms="4" status="PASS">
          <reporter-output>
          </reporter-output>
        </test-method> <!-- testCase02 -->
        <test-method signature="testCase04()[pri:0, instance:Day05.program01@291ae]" started-at="2023-02-23T09:53:58 IST" name="testCase04" finished-at="2023-02-23T09:53:58 IST" duration-ms="1" status="PASS">
          <reporter-output>
          </reporter-output>
        </test-method> <!-- testCase04 -->
      </class> <!-- Day05.program01 -->
    </test> <!-- Test -->
  </suite> <!-- Suite -->
</testng-results>
