<?xml version="1.0" encoding="UTF-8"?>
<testng-results ignored="0" total="1" passed="1" failed="0" skipped="0">
  <reporter-output>
  </reporter-output>
  <suite started-at="2023-02-27T10:13:21 IST" name="Suite" finished-at="2023-02-27T10:13:31 IST" duration-ms="10280">
    <groups>
    </groups>
    <test started-at="2023-02-27T10:13:21 IST" name="Test" finished-at="2023-02-27T10:13:31 IST" duration-ms="10280">
      <class name="Day06.program05">
        <test-method signature="testcase(java.lang.String,java.lang.String)[pri:0, instance:Day06.program05@72f926e6]" started-at="2023-02-27T10:13:21 IST" name="testcase" finished-at="2023-02-27T10:13:31 IST" duration-ms="10222" status="PASS">
          <params>
            <param index="0">
              <value>
                <![CDATA[user01]]>
              </value>
            </param>
            <param index="1">
              <value>
                <![CDATA[test0123]]>
              </value>
            </param>
          </params>
          <reporter-output>
          </reporter-output>
        </test-method> <!-- testcase -->
      </class> <!-- Day06.program05 -->
    </test> <!-- Test -->
  </suite> <!-- Suite -->
</testng-results>
